[2014-02-20 00:03:36] request.ERROR: Uncaught PHP Exception Symfony\Component\HttpKernel\Exception\NotFoundHttpException: "No route found for "GET /web/app_dev.php"" at /Applications/MAMP/htdocs/sf/vendor/symfony/symfony/src/Symfony/Component/HttpKernel/EventListener/RouterListener.php line 144 {"exception":"[object] (Symfony\\Component\\HttpKernel\\Exception\\NotFoundHttpException: No route found for \"GET /web/app_dev.php\" at /Applications/MAMP/htdocs/sf/vendor/symfony/symfony/src/Symfony/Component/HttpKernel/EventListener/RouterListener.php:144, Symfony\\Component\\Routing\\Exception\\ResourceNotFoundException:  at /Applications/MAMP/htdocs/sf/app/cache/prod/appProdUrlMatcher.php:32)"} []
[2014-02-20 00:03:48] request.ERROR: Uncaught PHP Exception Symfony\Component\HttpKernel\Exception\NotFoundHttpException: "No route found for "GET /web/"" at /Applications/MAMP/htdocs/sf/vendor/symfony/symfony/src/Symfony/Component/HttpKernel/EventListener/RouterListener.php line 144 {"exception":"[object] (Symfony\\Component\\HttpKernel\\Exception\\NotFoundHttpException: No route found for \"GET /web/\" at /Applications/MAMP/htdocs/sf/vendor/symfony/symfony/src/Symfony/Component/HttpKernel/EventListener/RouterListener.php:144, Symfony\\Component\\Routing\\Exception\\ResourceNotFoundException:  at /Applications/MAMP/htdocs/sf/app/cache/prod/appProdUrlMatcher.php:32)"} []
[2014-02-20 00:03:52] request.ERROR: Uncaught PHP Exception Symfony\Component\HttpKernel\Exception\NotFoundHttpException: "No route found for "GET /web/"" at /Applications/MAMP/htdocs/sf/app/cache/prod/classes.php line 1964 {"exception":"[object] (Symfony\\Component\\HttpKernel\\Exception\\NotFoundHttpException: No route found for \"GET /web/\" at /Applications/MAMP/htdocs/sf/app/cache/prod/classes.php:1964, Symfony\\Component\\Routing\\Exception\\ResourceNotFoundException:  at /Applications/MAMP/htdocs/sf/app/cache/prod/appProdUrlMatcher.php:32)"} []
[2014-02-20 00:03:52] request.ERROR: Uncaught PHP Exception Symfony\Component\HttpKernel\Exception\NotFoundHttpException: "No route found for "GET /web/"" at /Applications/MAMP/htdocs/sf/app/cache/prod/classes.php line 1964 {"exception":"[object] (Symfony\\Component\\HttpKernel\\Exception\\NotFoundHttpException: No route found for \"GET /web/\" at /Applications/MAMP/htdocs/sf/app/cache/prod/classes.php:1964, Symfony\\Component\\Routing\\Exception\\ResourceNotFoundException:  at /Applications/MAMP/htdocs/sf/app/cache/prod/appProdUrlMatcher.php:32)"} []
[2014-02-20 00:03:53] request.ERROR: Uncaught PHP Exception Symfony\Component\HttpKernel\Exception\NotFoundHttpException: "No route found for "GET /"" at /Applications/MAMP/htdocs/sf/app/cache/prod/classes.php line 1964 {"exception":"[object] (Symfony\\Component\\HttpKernel\\Exception\\NotFoundHttpException: No route found for \"GET /\" at /Applications/MAMP/htdocs/sf/app/cache/prod/classes.php:1964, Symfony\\Component\\Routing\\Exception\\ResourceNotFoundException:  at /Applications/MAMP/htdocs/sf/app/cache/prod/appProdUrlMatcher.php:32)"} []
[2014-02-20 00:03:53] request.ERROR: Uncaught PHP Exception Symfony\Component\HttpKernel\Exception\NotFoundHttpException: "No route found for "GET /"" at /Applications/MAMP/htdocs/sf/app/cache/prod/classes.php line 1964 {"exception":"[object] (Symfony\\Component\\HttpKernel\\Exception\\NotFoundHttpException: No route found for \"GET /\" at /Applications/MAMP/htdocs/sf/app/cache/prod/classes.php:1964, Symfony\\Component\\Routing\\Exception\\ResourceNotFoundException:  at /Applications/MAMP/htdocs/sf/app/cache/prod/appProdUrlMatcher.php:32)"} []
[2014-02-20 00:04:33] request.ERROR: Uncaught PHP Exception Symfony\Component\HttpKernel\Exception\NotFoundHttpException: "No route found for "GET /"" at /Applications/MAMP/htdocs/sf/app/cache/prod/classes.php line 1964 {"exception":"[object] (Symfony\\Component\\HttpKernel\\Exception\\NotFoundHttpException: No route found for \"GET /\" at /Applications/MAMP/htdocs/sf/app/cache/prod/classes.php:1964, Symfony\\Component\\Routing\\Exception\\ResourceNotFoundException:  at /Applications/MAMP/htdocs/sf/app/cache/prod/appProdUrlMatcher.php:32)"} []
[2014-02-20 00:07:08] request.ERROR: Uncaught PHP Exception Symfony\Component\HttpKernel\Exception\NotFoundHttpException: "No route found for "GET /"" at /Applications/MAMP/htdocs/sf/app/cache/prod/classes.php line 1964 {"exception":"[object] (Symfony\\Component\\HttpKernel\\Exception\\NotFoundHttpException: No route found for \"GET /\" at /Applications/MAMP/htdocs/sf/app/cache/prod/classes.php:1964, Symfony\\Component\\Routing\\Exception\\ResourceNotFoundException:  at /Applications/MAMP/htdocs/sf/app/cache/prod/appProdUrlMatcher.php:32)"} []
[2014-02-20 00:10:04] request.ERROR: Uncaught PHP Exception Symfony\Component\HttpKernel\Exception\NotFoundHttpException: "No route found for "GET /"" at /Applications/MAMP/htdocs/sf/app/cache/prod/classes.php line 1964 {"exception":"[object] (Symfony\\Component\\HttpKernel\\Exception\\NotFoundHttpException: No route found for \"GET /\" at /Applications/MAMP/htdocs/sf/app/cache/prod/classes.php:1964, Symfony\\Component\\Routing\\Exception\\ResourceNotFoundException:  at /Applications/MAMP/htdocs/sf/app/cache/prod/appProdUrlMatcher.php:32)"} []
[2014-02-20 00:10:11] request.ERROR: Uncaught PHP Exception Symfony\Component\HttpKernel\Exception\NotFoundHttpException: "No route found for "GET /"" at /Applications/MAMP/htdocs/sf/app/cache/prod/classes.php line 1964 {"exception":"[object] (Symfony\\Component\\HttpKernel\\Exception\\NotFoundHttpException: No route found for \"GET /\" at /Applications/MAMP/htdocs/sf/app/cache/prod/classes.php:1964, Symfony\\Component\\Routing\\Exception\\ResourceNotFoundException:  at /Applications/MAMP/htdocs/sf/app/cache/prod/appProdUrlMatcher.php:32)"} []
[2014-02-20 00:10:11] request.ERROR: Uncaught PHP Exception Symfony\Component\HttpKernel\Exception\NotFoundHttpException: "No route found for "GET /"" at /Applications/MAMP/htdocs/sf/app/cache/prod/classes.php line 1964 {"exception":"[object] (Symfony\\Component\\HttpKernel\\Exception\\NotFoundHttpException: No route found for \"GET /\" at /Applications/MAMP/htdocs/sf/app/cache/prod/classes.php:1964, Symfony\\Component\\Routing\\Exception\\ResourceNotFoundException:  at /Applications/MAMP/htdocs/sf/app/cache/prod/appProdUrlMatcher.php:32)"} []
[2014-02-20 00:10:13] request.ERROR: Uncaught PHP Exception Symfony\Component\HttpKernel\Exception\NotFoundHttpException: "No route found for "GET /web/"" at /Applications/MAMP/htdocs/sf/app/cache/prod/classes.php line 1964 {"exception":"[object] (Symfony\\Component\\HttpKernel\\Exception\\NotFoundHttpException: No route found for \"GET /web/\" at /Applications/MAMP/htdocs/sf/app/cache/prod/classes.php:1964, Symfony\\Component\\Routing\\Exception\\ResourceNotFoundException:  at /Applications/MAMP/htdocs/sf/app/cache/prod/appProdUrlMatcher.php:32)"} []
[2014-02-20 00:10:25] request.ERROR: Uncaught PHP Exception Symfony\Component\HttpKernel\Exception\NotFoundHttpException: "No route found for "GET /web/app_dev.php"" at /Applications/MAMP/htdocs/sf/app/cache/prod/classes.php line 1964 {"exception":"[object] (Symfony\\Component\\HttpKernel\\Exception\\NotFoundHttpException: No route found for \"GET /web/app_dev.php\" at /Applications/MAMP/htdocs/sf/app/cache/prod/classes.php:1964, Symfony\\Component\\Routing\\Exception\\ResourceNotFoundException:  at /Applications/MAMP/htdocs/sf/app/cache/prod/appProdUrlMatcher.php:32)"} []
[2014-02-20 00:12:04] request.ERROR: Uncaught PHP Exception Symfony\Component\HttpKernel\Exception\NotFoundHttpException: "No route found for "GET /web/app.php"" at /Applications/MAMP/htdocs/sf/app/cache/prod/classes.php line 1964 {"exception":"[object] (Symfony\\Component\\HttpKernel\\Exception\\NotFoundHttpException: No route found for \"GET /web/app.php\" at /Applications/MAMP/htdocs/sf/app/cache/prod/classes.php:1964, Symfony\\Component\\Routing\\Exception\\ResourceNotFoundException:  at /Applications/MAMP/htdocs/sf/app/cache/prod/appProdUrlMatcher.php:32)"} []
[2014-02-20 00:15:16] event.DEBUG: Notified event "kernel.request" to listener "Symfony\Bundle\FrameworkBundle\EventListener\SessionListener::onKernelRequest". [] []
[2014-02-20 00:15:16] event.DEBUG: Notified event "kernel.request" to listener "Symfony\Component\HttpKernel\EventListener\FragmentListener::onKernelRequest". [] []
[2014-02-20 00:15:16] event.DEBUG: Notified event "kernel.request" to listener "Symfony\Component\HttpKernel\EventListener\RouterListener::onKernelRequest". [] []
[2014-02-20 00:15:16] event.DEBUG: Notified event "kernel.exception" to listener "Symfony\Component\HttpKernel\EventListener\ExceptionListener::onKernelException". [] []
[2014-02-20 00:15:16] request.ERROR: Uncaught PHP Exception Symfony\Component\HttpKernel\Exception\NotFoundHttpException: "No route found for "GET /web/app.php"" at /Applications/MAMP/htdocs/sf/vendor/symfony/symfony/src/Symfony/Component/HttpKernel/EventListener/RouterListener.php line 144 {"exception":"[object] (Symfony\\Component\\HttpKernel\\Exception\\NotFoundHttpException: No route found for \"GET /web/app.php\" at /Applications/MAMP/htdocs/sf/vendor/symfony/symfony/src/Symfony/Component/HttpKernel/EventListener/RouterListener.php:144, Symfony\\Component\\Routing\\Exception\\ResourceNotFoundException:  at /Applications/MAMP/htdocs/sf/app/cache/prod/appProdUrlMatcher.php:32)"} []
[2014-02-20 00:15:16] event.DEBUG: Notified event "kernel.request" to listener "closure". [] []
[2014-02-20 00:15:16] event.DEBUG: Notified event "kernel.request" to listener "Symfony\Bundle\FrameworkBundle\EventListener\SessionListener::onKernelRequest". [] []
[2014-02-20 00:15:16] event.DEBUG: Notified event "kernel.request" to listener "closure". [] []
[2014-02-20 00:15:16] event.DEBUG: Notified event "kernel.request" to listener "Symfony\Component\HttpKernel\EventListener\FragmentListener::onKernelRequest". [] []
[2014-02-20 00:15:16] event.DEBUG: Notified event "kernel.request" to listener "closure". [] []
[2014-02-20 00:15:16] event.DEBUG: Notified event "kernel.request" to listener "Symfony\Component\HttpKernel\EventListener\RouterListener::onKernelRequest". [] []
[2014-02-20 00:15:16] event.DEBUG: Notified event "kernel.request" to listener "closure". [] []
[2014-02-20 00:15:16] event.DEBUG: Notified event "kernel.request" to listener "Symfony\Component\HttpKernel\EventListener\LocaleListener::onKernelRequest". [] []
[2014-02-20 00:15:16] event.DEBUG: Notified event "kernel.request" to listener "closure". [] []
[2014-02-20 00:15:16] event.DEBUG: Notified event "kernel.request" to listener "Symfony\Component\Security\Http\Firewall::onKernelRequest". [] []
[2014-02-20 00:15:16] event.DEBUG: Notified event "kernel.request" to listener "closure". [] []
[2014-02-20 00:15:16] event.DEBUG: Notified event "kernel.request" to listener "Symfony\Component\HttpKernel\EventListener\ErrorsLoggerListener::injectLogger". [] []
[2014-02-20 00:15:16] event.DEBUG: Notified event "kernel.request" to listener "closure". [] []
[2014-02-20 00:15:16] event.DEBUG: Notified event "kernel.request" to listener "Symfony\Component\HttpKernel\EventListener\ErrorsLoggerListener::injectLogger". [] []
[2014-02-20 00:15:16] event.DEBUG: Notified event "kernel.controller" to listener "Sensio\Bundle\FrameworkExtraBundle\EventListener\ControllerListener::onKernelController". [] []
[2014-02-20 00:15:16] event.DEBUG: Notified event "kernel.controller" to listener "Sensio\Bundle\FrameworkExtraBundle\EventListener\ParamConverterListener::onKernelController". [] []
[2014-02-20 00:15:16] event.DEBUG: Notified event "kernel.controller" to listener "Sensio\Bundle\FrameworkExtraBundle\EventListener\HttpCacheListener::onKernelController". [] []
[2014-02-20 00:15:16] event.DEBUG: Notified event "kernel.controller" to listener "Sensio\Bundle\FrameworkExtraBundle\EventListener\SecurityListener::onKernelController". [] []
[2014-02-20 00:15:16] event.DEBUG: Notified event "kernel.controller" to listener "Sensio\Bundle\FrameworkExtraBundle\EventListener\TemplateListener::onKernelController". [] []
[2014-02-20 00:15:17] event.DEBUG: Notified event "kernel.response" to listener "Symfony\Component\HttpKernel\EventListener\ResponseListener::onKernelResponse". [] []
[2014-02-20 00:15:17] event.DEBUG: Notified event "kernel.response" to listener "Symfony\Component\Security\Http\RememberMe\ResponseListener::onKernelResponse". [] []
[2014-02-20 00:15:17] event.DEBUG: Notified event "kernel.response" to listener "Sensio\Bundle\FrameworkExtraBundle\EventListener\HttpCacheListener::onKernelResponse". [] []
[2014-02-20 00:15:17] event.DEBUG: Notified event "kernel.response" to listener "Symfony\Component\HttpKernel\EventListener\StreamedResponseListener::onKernelResponse". [] []
[2014-02-20 00:15:17] event.DEBUG: Notified event "kernel.finish_request" to listener "Symfony\Component\HttpKernel\EventListener\LocaleListener::onKernelFinishRequest". [] []
[2014-02-20 00:15:17] event.DEBUG: Notified event "kernel.finish_request" to listener "Symfony\Component\HttpKernel\EventListener\RouterListener::onKernelFinishRequest". [] []
[2014-02-20 00:15:17] event.DEBUG: Notified event "kernel.finish_request" to listener "Symfony\Component\Security\Http\Firewall::onKernelFinishRequest". [] []
[2014-02-20 00:15:17] event.DEBUG: Listener "Symfony\Component\HttpKernel\EventListener\ExceptionListener::onKernelException" stopped propagation of the event "kernel.exception". [] []
[2014-02-20 00:15:17] event.DEBUG: Notified event "kernel.response" to listener "Symfony\Component\HttpKernel\EventListener\ResponseListener::onKernelResponse". [] []
[2014-02-20 00:15:17] event.DEBUG: Notified event "kernel.response" to listener "Symfony\Component\Security\Http\RememberMe\ResponseListener::onKernelResponse". [] []
[2014-02-20 00:15:17] event.DEBUG: Notified event "kernel.response" to listener "Sensio\Bundle\FrameworkExtraBundle\EventListener\HttpCacheListener::onKernelResponse". [] []
[2014-02-20 00:15:17] event.DEBUG: Notified event "kernel.response" to listener "Symfony\Component\HttpKernel\EventListener\StreamedResponseListener::onKernelResponse". [] []
[2014-02-20 00:15:17] event.DEBUG: Notified event "kernel.finish_request" to listener "Symfony\Component\HttpKernel\EventListener\LocaleListener::onKernelFinishRequest". [] []
[2014-02-20 00:15:17] event.DEBUG: Notified event "kernel.finish_request" to listener "Symfony\Component\HttpKernel\EventListener\RouterListener::onKernelFinishRequest". [] []
[2014-02-20 00:15:17] event.DEBUG: Notified event "kernel.finish_request" to listener "Symfony\Component\Security\Http\Firewall::onKernelFinishRequest". [] []
[2014-02-20 00:15:17] event.DEBUG: Notified event "kernel.terminate" to listener "Symfony\Bundle\SwiftmailerBundle\EventListener\EmailSenderListener::onTerminate". [] []
[2014-02-20 00:15:29] event.DEBUG: Notified event "kernel.request" to listener "Symfony\Bundle\FrameworkBundle\EventListener\SessionListener::onKernelRequest". [] []
[2014-02-20 00:15:29] event.DEBUG: Notified event "kernel.request" to listener "Symfony\Component\HttpKernel\EventListener\FragmentListener::onKernelRequest". [] []
[2014-02-20 00:15:29] event.DEBUG: Notified event "kernel.request" to listener "Symfony\Component\HttpKernel\EventListener\RouterListener::onKernelRequest". [] []
[2014-02-20 00:15:29] event.DEBUG: Notified event "kernel.exception" to listener "Symfony\Component\HttpKernel\EventListener\ExceptionListener::onKernelException". [] []
[2014-02-20 00:15:29] request.ERROR: Uncaught PHP Exception Symfony\Component\HttpKernel\Exception\NotFoundHttpException: "No route found for "GET /web/"" at /Applications/MAMP/htdocs/sf/app/cache/prod/classes.php line 1964 {"exception":"[object] (Symfony\\Component\\HttpKernel\\Exception\\NotFoundHttpException: No route found for \"GET /web/\" at /Applications/MAMP/htdocs/sf/app/cache/prod/classes.php:1964, Symfony\\Component\\Routing\\Exception\\ResourceNotFoundException:  at /Applications/MAMP/htdocs/sf/app/cache/prod/appProdUrlMatcher.php:32)"} []
[2014-02-20 00:15:29] event.DEBUG: Notified event "kernel.request" to listener "closure". [] []
[2014-02-20 00:15:29] event.DEBUG: Notified event "kernel.request" to listener "Symfony\Bundle\FrameworkBundle\EventListener\SessionListener::onKernelRequest". [] []
[2014-02-20 00:15:29] event.DEBUG: Notified event "kernel.request" to listener "closure". [] []
[2014-02-20 00:15:29] event.DEBUG: Notified event "kernel.request" to listener "Symfony\Component\HttpKernel\EventListener\FragmentListener::onKernelRequest". [] []
[2014-02-20 00:15:29] event.DEBUG: Notified event "kernel.request" to listener "closure". [] []
[2014-02-20 00:15:29] event.DEBUG: Notified event "kernel.request" to listener "Symfony\Component\HttpKernel\EventListener\RouterListener::onKernelRequest". [] []
[2014-02-20 00:15:29] event.DEBUG: Notified event "kernel.request" to listener "closure". [] []
[2014-02-20 00:15:29] event.DEBUG: Notified event "kernel.request" to listener "Symfony\Component\HttpKernel\EventListener\LocaleListener::onKernelRequest". [] []
[2014-02-20 00:15:29] event.DEBUG: Notified event "kernel.request" to listener "closure". [] []
[2014-02-20 00:15:29] event.DEBUG: Notified event "kernel.request" to listener "Symfony\Component\Security\Http\Firewall::onKernelRequest". [] []
[2014-02-20 00:15:29] event.DEBUG: Notified event "kernel.request" to listener "closure". [] []
[2014-02-20 00:15:29] event.DEBUG: Notified event "kernel.request" to listener "Symfony\Component\HttpKernel\EventListener\ErrorsLoggerListener::injectLogger". [] []
[2014-02-20 00:15:29] event.DEBUG: Notified event "kernel.request" to listener "closure". [] []
[2014-02-20 00:15:29] event.DEBUG: Notified event "kernel.request" to listener "Symfony\Component\HttpKernel\EventListener\ErrorsLoggerListener::injectLogger". [] []
[2014-02-20 00:15:29] event.DEBUG: Notified event "kernel.controller" to listener "Sensio\Bundle\FrameworkExtraBundle\EventListener\ControllerListener::onKernelController". [] []
[2014-02-20 00:15:29] event.DEBUG: Notified event "kernel.controller" to listener "Sensio\Bundle\FrameworkExtraBundle\EventListener\ParamConverterListener::onKernelController". [] []
[2014-02-20 00:15:29] event.DEBUG: Notified event "kernel.controller" to listener "Sensio\Bundle\FrameworkExtraBundle\EventListener\HttpCacheListener::onKernelController". [] []
[2014-02-20 00:15:29] event.DEBUG: Notified event "kernel.controller" to listener "Sensio\Bundle\FrameworkExtraBundle\EventListener\SecurityListener::onKernelController". [] []
[2014-02-20 00:15:29] event.DEBUG: Notified event "kernel.controller" to listener "Sensio\Bundle\FrameworkExtraBundle\EventListener\TemplateListener::onKernelController". [] []
[2014-02-20 00:15:30] event.DEBUG: Notified event "kernel.response" to listener "Symfony\Component\HttpKernel\EventListener\ResponseListener::onKernelResponse". [] []
[2014-02-20 00:15:30] event.DEBUG: Notified event "kernel.response" to listener "Symfony\Component\Security\Http\RememberMe\ResponseListener::onKernelResponse". [] []
[2014-02-20 00:15:30] event.DEBUG: Notified event "kernel.response" to listener "Sensio\Bundle\FrameworkExtraBundle\EventListener\HttpCacheListener::onKernelResponse". [] []
[2014-02-20 00:15:30] event.DEBUG: Notified event "kernel.response" to listener "Symfony\Component\HttpKernel\EventListener\StreamedResponseListener::onKernelResponse". [] []
[2014-02-20 00:15:30] event.DEBUG: Notified event "kernel.finish_request" to listener "Symfony\Component\HttpKernel\EventListener\LocaleListener::onKernelFinishRequest". [] []
[2014-02-20 00:15:30] event.DEBUG: Notified event "kernel.finish_request" to listener "Symfony\Component\HttpKernel\EventListener\RouterListener::onKernelFinishRequest". [] []
[2014-02-20 00:15:30] event.DEBUG: Notified event "kernel.finish_request" to listener "Symfony\Component\Security\Http\Firewall::onKernelFinishRequest". [] []
[2014-02-20 00:15:30] event.DEBUG: Listener "Symfony\Component\HttpKernel\EventListener\ExceptionListener::onKernelException" stopped propagation of the event "kernel.exception". [] []
[2014-02-20 00:15:30] event.DEBUG: Notified event "kernel.response" to listener "Symfony\Component\HttpKernel\EventListener\ResponseListener::onKernelResponse". [] []
[2014-02-20 00:15:30] event.DEBUG: Notified event "kernel.response" to listener "Symfony\Component\Security\Http\RememberMe\ResponseListener::onKernelResponse". [] []
[2014-02-20 00:15:30] event.DEBUG: Notified event "kernel.response" to listener "Sensio\Bundle\FrameworkExtraBundle\EventListener\HttpCacheListener::onKernelResponse". [] []
[2014-02-20 00:15:30] event.DEBUG: Notified event "kernel.response" to listener "Symfony\Component\HttpKernel\EventListener\StreamedResponseListener::onKernelResponse". [] []
[2014-02-20 00:15:30] event.DEBUG: Notified event "kernel.finish_request" to listener "Symfony\Component\HttpKernel\EventListener\LocaleListener::onKernelFinishRequest". [] []
[2014-02-20 00:15:30] event.DEBUG: Notified event "kernel.finish_request" to listener "Symfony\Component\HttpKernel\EventListener\RouterListener::onKernelFinishRequest". [] []
[2014-02-20 00:15:30] event.DEBUG: Notified event "kernel.finish_request" to listener "Symfony\Component\Security\Http\Firewall::onKernelFinishRequest". [] []
[2014-02-20 00:15:30] event.DEBUG: Notified event "kernel.terminate" to listener "Symfony\Bundle\SwiftmailerBundle\EventListener\EmailSenderListener::onTerminate". [] []
[2014-02-20 00:16:05] event.DEBUG: Notified event "kernel.request" to listener "Symfony\Bundle\FrameworkBundle\EventListener\SessionListener::onKernelRequest". [] []
[2014-02-20 00:16:05] event.DEBUG: Notified event "kernel.request" to listener "Symfony\Component\HttpKernel\EventListener\FragmentListener::onKernelRequest". [] []
[2014-02-20 00:16:05] event.DEBUG: Notified event "kernel.request" to listener "Symfony\Component\HttpKernel\EventListener\RouterListener::onKernelRequest". [] []
[2014-02-20 00:16:05] event.DEBUG: Notified event "kernel.exception" to listener "Symfony\Component\HttpKernel\EventListener\ExceptionListener::onKernelException". [] []
[2014-02-20 00:16:05] request.ERROR: Uncaught PHP Exception Symfony\Component\HttpKernel\Exception\NotFoundHttpException: "No route found for "GET /web"" at /Applications/MAMP/htdocs/sf/app/cache/prod/classes.php line 1964 {"exception":"[object] (Symfony\\Component\\HttpKernel\\Exception\\NotFoundHttpException: No route found for \"GET /web\" at /Applications/MAMP/htdocs/sf/app/cache/prod/classes.php:1964, Symfony\\Component\\Routing\\Exception\\ResourceNotFoundException:  at /Applications/MAMP/htdocs/sf/app/cache/prod/appProdUrlMatcher.php:32)"} []
[2014-02-20 00:16:05] event.DEBUG: Notified event "kernel.request" to listener "closure". [] []
[2014-02-20 00:16:05] event.DEBUG: Notified event "kernel.request" to listener "Symfony\Bundle\FrameworkBundle\EventListener\SessionListener::onKernelRequest". [] []
[2014-02-20 00:16:05] event.DEBUG: Notified event "kernel.request" to listener "closure". [] []
[2014-02-20 00:16:05] event.DEBUG: Notified event "kernel.request" to listener "Symfony\Component\HttpKernel\EventListener\FragmentListener::onKernelRequest". [] []
[2014-02-20 00:16:05] event.DEBUG: Notified event "kernel.request" to listener "closure". [] []
[2014-02-20 00:16:05] event.DEBUG: Notified event "kernel.request" to listener "Symfony\Component\HttpKernel\EventListener\RouterListener::onKernelRequest". [] []
[2014-02-20 00:16:05] event.DEBUG: Notified event "kernel.request" to listener "closure". [] []
[2014-02-20 00:16:05] event.DEBUG: Notified event "kernel.request" to listener "Symfony\Component\HttpKernel\EventListener\LocaleListener::onKernelRequest". [] []
[2014-02-20 00:16:05] event.DEBUG: Notified event "kernel.request" to listener "closure". [] []
[2014-02-20 00:16:05] event.DEBUG: Notified event "kernel.request" to listener "Symfony\Component\Security\Http\Firewall::onKernelRequest". [] []
[2014-02-20 00:16:05] event.DEBUG: Notified event "kernel.request" to listener "closure". [] []
[2014-02-20 00:16:05] event.DEBUG: Notified event "kernel.request" to listener "Symfony\Component\HttpKernel\EventListener\ErrorsLoggerListener::injectLogger". [] []
[2014-02-20 00:16:05] event.DEBUG: Notified event "kernel.request" to listener "closure". [] []
[2014-02-20 00:16:05] event.DEBUG: Notified event "kernel.request" to listener "Symfony\Component\HttpKernel\EventListener\ErrorsLoggerListener::injectLogger". [] []
[2014-02-20 00:16:05] event.DEBUG: Notified event "kernel.controller" to listener "Sensio\Bundle\FrameworkExtraBundle\EventListener\ControllerListener::onKernelController". [] []
[2014-02-20 00:16:05] event.DEBUG: Notified event "kernel.controller" to listener "Sensio\Bundle\FrameworkExtraBundle\EventListener\ParamConverterListener::onKernelController". [] []
[2014-02-20 00:16:05] event.DEBUG: Notified event "kernel.controller" to listener "Sensio\Bundle\FrameworkExtraBundle\EventListener\HttpCacheListener::onKernelController". [] []
[2014-02-20 00:16:05] event.DEBUG: Notified event "kernel.controller" to listener "Sensio\Bundle\FrameworkExtraBundle\EventListener\SecurityListener::onKernelController". [] []
[2014-02-20 00:16:05] event.DEBUG: Notified event "kernel.controller" to listener "Sensio\Bundle\FrameworkExtraBundle\EventListener\TemplateListener::onKernelController". [] []
[2014-02-20 00:16:06] event.DEBUG: Notified event "kernel.response" to listener "Symfony\Component\HttpKernel\EventListener\ResponseListener::onKernelResponse". [] []
[2014-02-20 00:16:06] event.DEBUG: Notified event "kernel.response" to listener "Symfony\Component\Security\Http\RememberMe\ResponseListener::onKernelResponse". [] []
[2014-02-20 00:16:06] event.DEBUG: Notified event "kernel.response" to listener "Sensio\Bundle\FrameworkExtraBundle\EventListener\HttpCacheListener::onKernelResponse". [] []
[2014-02-20 00:16:06] event.DEBUG: Notified event "kernel.response" to listener "Symfony\Component\HttpKernel\EventListener\StreamedResponseListener::onKernelResponse". [] []
[2014-02-20 00:16:06] event.DEBUG: Notified event "kernel.finish_request" to listener "Symfony\Component\HttpKernel\EventListener\LocaleListener::onKernelFinishRequest". [] []
[2014-02-20 00:16:06] event.DEBUG: Notified event "kernel.finish_request" to listener "Symfony\Component\HttpKernel\EventListener\RouterListener::onKernelFinishRequest". [] []
[2014-02-20 00:16:06] event.DEBUG: Notified event "kernel.finish_request" to listener "Symfony\Component\Security\Http\Firewall::onKernelFinishRequest". [] []
[2014-02-20 00:16:06] event.DEBUG: Listener "Symfony\Component\HttpKernel\EventListener\ExceptionListener::onKernelException" stopped propagation of the event "kernel.exception". [] []
[2014-02-20 00:16:06] event.DEBUG: Notified event "kernel.response" to listener "Symfony\Component\HttpKernel\EventListener\ResponseListener::onKernelResponse". [] []
[2014-02-20 00:16:06] event.DEBUG: Notified event "kernel.response" to listener "Symfony\Component\Security\Http\RememberMe\ResponseListener::onKernelResponse". [] []
[2014-02-20 00:16:06] event.DEBUG: Notified event "kernel.response" to listener "Sensio\Bundle\FrameworkExtraBundle\EventListener\HttpCacheListener::onKernelResponse". [] []
[2014-02-20 00:16:06] event.DEBUG: Notified event "kernel.response" to listener "Symfony\Component\HttpKernel\EventListener\StreamedResponseListener::onKernelResponse". [] []
[2014-02-20 00:16:06] event.DEBUG: Notified event "kernel.finish_request" to listener "Symfony\Component\HttpKernel\EventListener\LocaleListener::onKernelFinishRequest". [] []
[2014-02-20 00:16:06] event.DEBUG: Notified event "kernel.finish_request" to listener "Symfony\Component\HttpKernel\EventListener\RouterListener::onKernelFinishRequest". [] []
[2014-02-20 00:16:06] event.DEBUG: Notified event "kernel.finish_request" to listener "Symfony\Component\Security\Http\Firewall::onKernelFinishRequest". [] []
[2014-02-20 00:16:06] event.DEBUG: Notified event "kernel.terminate" to listener "Symfony\Bundle\SwiftmailerBundle\EventListener\EmailSenderListener::onTerminate". [] []
[2014-02-20 00:16:12] event.DEBUG: Notified event "kernel.request" to listener "Symfony\Bundle\FrameworkBundle\EventListener\SessionListener::onKernelRequest". [] []
[2014-02-20 00:16:12] event.DEBUG: Notified event "kernel.request" to listener "Symfony\Component\HttpKernel\EventListener\FragmentListener::onKernelRequest". [] []
[2014-02-20 00:16:12] event.DEBUG: Notified event "kernel.request" to listener "Symfony\Component\HttpKernel\EventListener\RouterListener::onKernelRequest". [] []
[2014-02-20 00:16:12] event.DEBUG: Notified event "kernel.exception" to listener "Symfony\Component\HttpKernel\EventListener\ExceptionListener::onKernelException". [] []
[2014-02-20 00:16:12] request.ERROR: Uncaught PHP Exception Symfony\Component\HttpKernel\Exception\NotFoundHttpException: "No route found for "GET /"" at /Applications/MAMP/htdocs/sf/app/cache/prod/classes.php line 1964 {"exception":"[object] (Symfony\\Component\\HttpKernel\\Exception\\NotFoundHttpException: No route found for \"GET /\" at /Applications/MAMP/htdocs/sf/app/cache/prod/classes.php:1964, Symfony\\Component\\Routing\\Exception\\ResourceNotFoundException:  at /Applications/MAMP/htdocs/sf/app/cache/prod/appProdUrlMatcher.php:32)"} []
[2014-02-20 00:16:12] event.DEBUG: Notified event "kernel.request" to listener "closure". [] []
[2014-02-20 00:16:12] event.DEBUG: Notified event "kernel.request" to listener "Symfony\Bundle\FrameworkBundle\EventListener\SessionListener::onKernelRequest". [] []
[2014-02-20 00:16:12] event.DEBUG: Notified event "kernel.request" to listener "closure". [] []
[2014-02-20 00:16:12] event.DEBUG: Notified event "kernel.request" to listener "Symfony\Component\HttpKernel\EventListener\FragmentListener::onKernelRequest". [] []
[2014-02-20 00:16:12] event.DEBUG: Notified event "kernel.request" to listener "closure". [] []
[2014-02-20 00:16:12] event.DEBUG: Notified event "kernel.request" to listener "Symfony\Component\HttpKernel\EventListener\RouterListener::onKernelRequest". [] []
[2014-02-20 00:16:12] event.DEBUG: Notified event "kernel.request" to listener "closure". [] []
[2014-02-20 00:16:12] event.DEBUG: Notified event "kernel.request" to listener "Symfony\Component\HttpKernel\EventListener\LocaleListener::onKernelRequest". [] []
[2014-02-20 00:16:12] event.DEBUG: Notified event "kernel.request" to listener "closure". [] []
[2014-02-20 00:16:12] event.DEBUG: Notified event "kernel.request" to listener "Symfony\Component\Security\Http\Firewall::onKernelRequest". [] []
[2014-02-20 00:16:12] event.DEBUG: Notified event "kernel.request" to listener "closure". [] []
[2014-02-20 00:16:12] event.DEBUG: Notified event "kernel.request" to listener "Symfony\Component\HttpKernel\EventListener\ErrorsLoggerListener::injectLogger". [] []
[2014-02-20 00:16:12] event.DEBUG: Notified event "kernel.request" to listener "closure". [] []
[2014-02-20 00:16:12] event.DEBUG: Notified event "kernel.request" to listener "Symfony\Component\HttpKernel\EventListener\ErrorsLoggerListener::injectLogger". [] []
[2014-02-20 00:16:12] event.DEBUG: Notified event "kernel.controller" to listener "Sensio\Bundle\FrameworkExtraBundle\EventListener\ControllerListener::onKernelController". [] []
[2014-02-20 00:16:12] event.DEBUG: Notified event "kernel.controller" to listener "Sensio\Bundle\FrameworkExtraBundle\EventListener\ParamConverterListener::onKernelController". [] []
[2014-02-20 00:16:12] event.DEBUG: Notified event "kernel.controller" to listener "Sensio\Bundle\FrameworkExtraBundle\EventListener\HttpCacheListener::onKernelController". [] []
[2014-02-20 00:16:12] event.DEBUG: Notified event "kernel.controller" to listener "Sensio\Bundle\FrameworkExtraBundle\EventListener\SecurityListener::onKernelController". [] []
[2014-02-20 00:16:12] event.DEBUG: Notified event "kernel.controller" to listener "Sensio\Bundle\FrameworkExtraBundle\EventListener\TemplateListener::onKernelController". [] []
[2014-02-20 00:16:13] event.DEBUG: Notified event "kernel.response" to listener "Symfony\Component\HttpKernel\EventListener\ResponseListener::onKernelResponse". [] []
[2014-02-20 00:16:13] event.DEBUG: Notified event "kernel.response" to listener "Symfony\Component\Security\Http\RememberMe\ResponseListener::onKernelResponse". [] []
[2014-02-20 00:16:13] event.DEBUG: Notified event "kernel.response" to listener "Sensio\Bundle\FrameworkExtraBundle\EventListener\HttpCacheListener::onKernelResponse". [] []
[2014-02-20 00:16:13] event.DEBUG: Notified event "kernel.response" to listener "Symfony\Component\HttpKernel\EventListener\StreamedResponseListener::onKernelResponse". [] []
[2014-02-20 00:16:13] event.DEBUG: Notified event "kernel.finish_request" to listener "Symfony\Component\HttpKernel\EventListener\LocaleListener::onKernelFinishRequest". [] []
[2014-02-20 00:16:13] event.DEBUG: Notified event "kernel.finish_request" to listener "Symfony\Component\HttpKernel\EventListener\RouterListener::onKernelFinishRequest". [] []
[2014-02-20 00:16:13] event.DEBUG: Notified event "kernel.finish_request" to listener "Symfony\Component\Security\Http\Firewall::onKernelFinishRequest". [] []
[2014-02-20 00:16:13] event.DEBUG: Listener "Symfony\Component\HttpKernel\EventListener\ExceptionListener::onKernelException" stopped propagation of the event "kernel.exception". [] []
[2014-02-20 00:16:13] event.DEBUG: Notified event "kernel.response" to listener "Symfony\Component\HttpKernel\EventListener\ResponseListener::onKernelResponse". [] []
[2014-02-20 00:16:13] event.DEBUG: Notified event "kernel.response" to listener "Symfony\Component\Security\Http\RememberMe\ResponseListener::onKernelResponse". [] []
[2014-02-20 00:16:13] event.DEBUG: Notified event "kernel.response" to listener "Sensio\Bundle\FrameworkExtraBundle\EventListener\HttpCacheListener::onKernelResponse". [] []
[2014-02-20 00:16:13] event.DEBUG: Notified event "kernel.response" to listener "Symfony\Component\HttpKernel\EventListener\StreamedResponseListener::onKernelResponse". [] []
[2014-02-20 00:16:13] event.DEBUG: Notified event "kernel.finish_request" to listener "Symfony\Component\HttpKernel\EventListener\LocaleListener::onKernelFinishRequest". [] []
[2014-02-20 00:16:13] event.DEBUG: Notified event "kernel.finish_request" to listener "Symfony\Component\HttpKernel\EventListener\RouterListener::onKernelFinishRequest". [] []
[2014-02-20 00:16:13] event.DEBUG: Notified event "kernel.finish_request" to listener "Symfony\Component\Security\Http\Firewall::onKernelFinishRequest". [] []
[2014-02-20 00:16:13] event.DEBUG: Notified event "kernel.terminate" to listener "Symfony\Bundle\SwiftmailerBundle\EventListener\EmailSenderListener::onTerminate". [] []
[2014-02-20 00:17:17] event.DEBUG: Notified event "kernel.request" to listener "Symfony\Bundle\FrameworkBundle\EventListener\SessionListener::onKernelRequest". [] []
[2014-02-20 00:17:17] event.DEBUG: Notified event "kernel.request" to listener "Symfony\Component\HttpKernel\EventListener\FragmentListener::onKernelRequest". [] []
[2014-02-20 00:17:17] event.DEBUG: Notified event "kernel.request" to listener "Symfony\Component\HttpKernel\EventListener\RouterListener::onKernelRequest". [] []
[2014-02-20 00:17:17] event.DEBUG: Notified event "kernel.exception" to listener "Symfony\Component\HttpKernel\EventListener\ExceptionListener::onKernelException". [] []
[2014-02-20 00:17:17] request.ERROR: Uncaught PHP Exception Symfony\Component\HttpKernel\Exception\NotFoundHttpException: "No route found for "GET /"" at /Applications/MAMP/htdocs/sf/app/cache/prod/classes.php line 1964 {"exception":"[object] (Symfony\\Component\\HttpKernel\\Exception\\NotFoundHttpException: No route found for \"GET /\" at /Applications/MAMP/htdocs/sf/app/cache/prod/classes.php:1964, Symfony\\Component\\Routing\\Exception\\ResourceNotFoundException:  at /Applications/MAMP/htdocs/sf/app/cache/prod/appProdUrlMatcher.php:32)"} []
[2014-02-20 00:17:17] event.DEBUG: Notified event "kernel.request" to listener "closure". [] []
[2014-02-20 00:17:17] event.DEBUG: Notified event "kernel.request" to listener "Symfony\Bundle\FrameworkBundle\EventListener\SessionListener::onKernelRequest". [] []
[2014-02-20 00:17:17] event.DEBUG: Notified event "kernel.request" to listener "closure". [] []
[2014-02-20 00:17:17] event.DEBUG: Notified event "kernel.request" to listener "Symfony\Component\HttpKernel\EventListener\FragmentListener::onKernelRequest". [] []
[2014-02-20 00:17:17] event.DEBUG: Notified event "kernel.request" to listener "closure". [] []
[2014-02-20 00:17:17] event.DEBUG: Notified event "kernel.request" to listener "Symfony\Component\HttpKernel\EventListener\RouterListener::onKernelRequest". [] []
[2014-02-20 00:17:17] event.DEBUG: Notified event "kernel.request" to listener "closure". [] []
[2014-02-20 00:17:17] event.DEBUG: Notified event "kernel.request" to listener "Symfony\Component\HttpKernel\EventListener\LocaleListener::onKernelRequest". [] []
[2014-02-20 00:17:17] event.DEBUG: Notified event "kernel.request" to listener "closure". [] []
[2014-02-20 00:17:17] event.DEBUG: Notified event "kernel.request" to listener "Symfony\Component\Security\Http\Firewall::onKernelRequest". [] []
[2014-02-20 00:17:17] event.DEBUG: Notified event "kernel.request" to listener "closure". [] []
[2014-02-20 00:17:17] event.DEBUG: Notified event "kernel.request" to listener "Symfony\Component\HttpKernel\EventListener\ErrorsLoggerListener::injectLogger". [] []
[2014-02-20 00:17:17] event.DEBUG: Notified event "kernel.request" to listener "closure". [] []
[2014-02-20 00:17:17] event.DEBUG: Notified event "kernel.request" to listener "Symfony\Component\HttpKernel\EventListener\ErrorsLoggerListener::injectLogger". [] []
[2014-02-20 00:17:17] event.DEBUG: Notified event "kernel.controller" to listener "Sensio\Bundle\FrameworkExtraBundle\EventListener\ControllerListener::onKernelController". [] []
[2014-02-20 00:17:17] event.DEBUG: Notified event "kernel.controller" to listener "Sensio\Bundle\FrameworkExtraBundle\EventListener\ParamConverterListener::onKernelController". [] []
[2014-02-20 00:17:17] event.DEBUG: Notified event "kernel.controller" to listener "Sensio\Bundle\FrameworkExtraBundle\EventListener\HttpCacheListener::onKernelController". [] []
[2014-02-20 00:17:17] event.DEBUG: Notified event "kernel.controller" to listener "Sensio\Bundle\FrameworkExtraBundle\EventListener\SecurityListener::onKernelController". [] []
[2014-02-20 00:17:17] event.DEBUG: Notified event "kernel.controller" to listener "Sensio\Bundle\FrameworkExtraBundle\EventListener\TemplateListener::onKernelController". [] []
[2014-02-20 00:17:18] event.DEBUG: Notified event "kernel.response" to listener "Symfony\Component\HttpKernel\EventListener\ResponseListener::onKernelResponse". [] []
[2014-02-20 00:17:18] event.DEBUG: Notified event "kernel.response" to listener "Symfony\Component\Security\Http\RememberMe\ResponseListener::onKernelResponse". [] []
[2014-02-20 00:17:18] event.DEBUG: Notified event "kernel.response" to listener "Sensio\Bundle\FrameworkExtraBundle\EventListener\HttpCacheListener::onKernelResponse". [] []
[2014-02-20 00:17:18] event.DEBUG: Notified event "kernel.response" to listener "Symfony\Component\HttpKernel\EventListener\StreamedResponseListener::onKernelResponse". [] []
[2014-02-20 00:17:18] event.DEBUG: Notified event "kernel.finish_request" to listener "Symfony\Component\HttpKernel\EventListener\LocaleListener::onKernelFinishRequest". [] []
[2014-02-20 00:17:18] event.DEBUG: Notified event "kernel.finish_request" to listener "Symfony\Component\HttpKernel\EventListener\RouterListener::onKernelFinishRequest". [] []
[2014-02-20 00:17:18] event.DEBUG: Notified event "kernel.finish_request" to listener "Symfony\Component\Security\Http\Firewall::onKernelFinishRequest". [] []
[2014-02-20 00:17:18] event.DEBUG: Listener "Symfony\Component\HttpKernel\EventListener\ExceptionListener::onKernelException" stopped propagation of the event "kernel.exception". [] []
[2014-02-20 00:17:18] event.DEBUG: Notified event "kernel.response" to listener "Symfony\Component\HttpKernel\EventListener\ResponseListener::onKernelResponse". [] []
[2014-02-20 00:17:18] event.DEBUG: Notified event "kernel.response" to listener "Symfony\Component\Security\Http\RememberMe\ResponseListener::onKernelResponse". [] []
[2014-02-20 00:17:18] event.DEBUG: Notified event "kernel.response" to listener "Sensio\Bundle\FrameworkExtraBundle\EventListener\HttpCacheListener::onKernelResponse". [] []
[2014-02-20 00:17:18] event.DEBUG: Notified event "kernel.response" to listener "Symfony\Component\HttpKernel\EventListener\StreamedResponseListener::onKernelResponse". [] []
[2014-02-20 00:17:18] event.DEBUG: Notified event "kernel.finish_request" to listener "Symfony\Component\HttpKernel\EventListener\LocaleListener::onKernelFinishRequest". [] []
[2014-02-20 00:17:18] event.DEBUG: Notified event "kernel.finish_request" to listener "Symfony\Component\HttpKernel\EventListener\RouterListener::onKernelFinishRequest". [] []
[2014-02-20 00:17:18] event.DEBUG: Notified event "kernel.finish_request" to listener "Symfony\Component\Security\Http\Firewall::onKernelFinishRequest". [] []
[2014-02-20 00:17:18] event.DEBUG: Notified event "kernel.terminate" to listener "Symfony\Bundle\SwiftmailerBundle\EventListener\EmailSenderListener::onTerminate". [] []
[2014-02-20 00:36:50] request.ERROR: Uncaught PHP Exception Symfony\Component\HttpKernel\Exception\NotFoundHttpException: "No route found for "GET /bundles/framework/images/input_bg.gif" (from "http://sf.local/app_dev.php/_configurator/step/0")" at /Applications/MAMP/htdocs/sf/vendor/symfony/symfony/src/Symfony/Component/HttpKernel/EventListener/RouterListener.php line 144 {"exception":"[object] (Symfony\\Component\\HttpKernel\\Exception\\NotFoundHttpException: No route found for \"GET /bundles/framework/images/input_bg.gif\" (from \"http://sf.local/app_dev.php/_configurator/step/0\") at /Applications/MAMP/htdocs/sf/vendor/symfony/symfony/src/Symfony/Component/HttpKernel/EventListener/RouterListener.php:144, Symfony\\Component\\Routing\\Exception\\ResourceNotFoundException:  at /Applications/MAMP/htdocs/sf/app/cache/prod/appProdUrlMatcher.php:32)"} []
[2014-02-20 00:52:41] request.ERROR: Uncaught PHP Exception Symfony\Component\HttpKernel\Exception\NotFoundHttpException: "No route found for "GET /"" at /Applications/MAMP/htdocs/sf/app/cache/prod/classes.php line 1964 {"exception":"[object] (Symfony\\Component\\HttpKernel\\Exception\\NotFoundHttpException: No route found for \"GET /\" at /Applications/MAMP/htdocs/sf/app/cache/prod/classes.php:1964, Symfony\\Component\\Routing\\Exception\\ResourceNotFoundException:  at /Applications/MAMP/htdocs/sf/app/cache/prod/appProdUrlMatcher.php:32)"} []
[2014-02-20 00:52:50] request.ERROR: Uncaught PHP Exception Symfony\Component\HttpKernel\Exception\NotFoundHttpException: "No route found for "GET /"" at /Applications/MAMP/htdocs/sf/app/cache/prod/classes.php line 1964 {"exception":"[object] (Symfony\\Component\\HttpKernel\\Exception\\NotFoundHttpException: No route found for \"GET /\" at /Applications/MAMP/htdocs/sf/app/cache/prod/classes.php:1964, Symfony\\Component\\Routing\\Exception\\ResourceNotFoundException:  at /Applications/MAMP/htdocs/sf/app/cache/prod/appProdUrlMatcher.php:32)"} []
[2014-02-20 00:52:50] request.ERROR: Uncaught PHP Exception Symfony\Component\HttpKernel\Exception\NotFoundHttpException: "No route found for "GET /"" at /Applications/MAMP/htdocs/sf/app/cache/prod/classes.php line 1964 {"exception":"[object] (Symfony\\Component\\HttpKernel\\Exception\\NotFoundHttpException: No route found for \"GET /\" at /Applications/MAMP/htdocs/sf/app/cache/prod/classes.php:1964, Symfony\\Component\\Routing\\Exception\\ResourceNotFoundException:  at /Applications/MAMP/htdocs/sf/app/cache/prod/appProdUrlMatcher.php:32)"} []
[2014-02-20 00:52:57] request.ERROR: Uncaught PHP Exception Symfony\Component\HttpKernel\Exception\NotFoundHttpException: "No route found for "GET /web/"" at /Applications/MAMP/htdocs/sf/app/cache/prod/classes.php line 1964 {"exception":"[object] (Symfony\\Component\\HttpKernel\\Exception\\NotFoundHttpException: No route found for \"GET /web/\" at /Applications/MAMP/htdocs/sf/app/cache/prod/classes.php:1964, Symfony\\Component\\Routing\\Exception\\ResourceNotFoundException:  at /Applications/MAMP/htdocs/sf/app/cache/prod/appProdUrlMatcher.php:32)"} []
[2014-02-20 00:53:05] request.ERROR: Uncaught PHP Exception Symfony\Component\HttpKernel\Exception\NotFoundHttpException: "No route found for "GET /web/app_dev.php"" at /Applications/MAMP/htdocs/sf/app/cache/prod/classes.php line 1964 {"exception":"[object] (Symfony\\Component\\HttpKernel\\Exception\\NotFoundHttpException: No route found for \"GET /web/app_dev.php\" at /Applications/MAMP/htdocs/sf/app/cache/prod/classes.php:1964, Symfony\\Component\\Routing\\Exception\\ResourceNotFoundException:  at /Applications/MAMP/htdocs/sf/app/cache/prod/appProdUrlMatcher.php:32)"} []
[2014-02-20 00:53:11] request.ERROR: Uncaught PHP Exception Symfony\Component\HttpKernel\Exception\NotFoundHttpException: "No route found for "GET /web/app_dev.php"" at /Applications/MAMP/htdocs/sf/app/cache/prod/classes.php line 1964 {"exception":"[object] (Symfony\\Component\\HttpKernel\\Exception\\NotFoundHttpException: No route found for \"GET /web/app_dev.php\" at /Applications/MAMP/htdocs/sf/app/cache/prod/classes.php:1964, Symfony\\Component\\Routing\\Exception\\ResourceNotFoundException:  at /Applications/MAMP/htdocs/sf/app/cache/prod/appProdUrlMatcher.php:32)"} []
[2014-02-25 02:44:44] request.ERROR: Uncaught PHP Exception Symfony\Component\HttpKernel\Exception\NotFoundHttpException: "No route found for "GET /Symfony/web/app_dev.php/hello/winzou" (from "http://fr.openclassrooms.com/informatique/cours/developpez-votre-site-web-avec-le-framework-symfony2/creons-notre-bundle")" at /Applications/MAMP/htdocs/sf/app/cache/prod/classes.php line 1964 {"exception":"[object] (Symfony\\Component\\HttpKernel\\Exception\\NotFoundHttpException: No route found for \"GET /Symfony/web/app_dev.php/hello/winzou\" (from \"http://fr.openclassrooms.com/informatique/cours/developpez-votre-site-web-avec-le-framework-symfony2/creons-notre-bundle\") at /Applications/MAMP/htdocs/sf/app/cache/prod/classes.php:1964, Symfony\\Component\\Routing\\Exception\\ResourceNotFoundException:  at /Applications/MAMP/htdocs/sf/app/cache/prod/appProdUrlMatcher.php:32)"} []
[2014-02-25 02:47:01] request.ERROR: Uncaught PHP Exception Symfony\Component\HttpKernel\Exception\NotFoundHttpException: "No route found for "GET /web/app_dev.php/hello/winzou"" at /Applications/MAMP/htdocs/sf/app/cache/prod/classes.php line 1964 {"exception":"[object] (Symfony\\Component\\HttpKernel\\Exception\\NotFoundHttpException: No route found for \"GET /web/app_dev.php/hello/winzou\" at /Applications/MAMP/htdocs/sf/app/cache/prod/classes.php:1964, Symfony\\Component\\Routing\\Exception\\ResourceNotFoundException:  at /Applications/MAMP/htdocs/sf/app/cache/prod/appProdUrlMatcher.php:32)"} []
[2014-02-25 02:51:54] request.ERROR: Uncaught PHP Exception Symfony\Component\HttpKernel\Exception\NotFoundHttpException: "No route found for "GET /"" at /Applications/MAMP/htdocs/sf/app/cache/prod/classes.php line 1964 {"exception":"[object] (Symfony\\Component\\HttpKernel\\Exception\\NotFoundHttpException: No route found for \"GET /\" at /Applications/MAMP/htdocs/sf/app/cache/prod/classes.php:1964, Symfony\\Component\\Routing\\Exception\\ResourceNotFoundException:  at /Applications/MAMP/htdocs/sf/app/cache/prod/appProdUrlMatcher.php:32)"} []
[2014-02-25 04:03:33] request.ERROR: Uncaught PHP Exception Symfony\Component\HttpKernel\Exception\NotFoundHttpException: "No route found for "GET /" (from "http://www.unclejeans.com/bonnes-affaires/femme.html?utm_source=BBO-Orange&utm_medium=display&utm_campaign=BAF-femme")" at /Applications/MAMP/htdocs/sf/app/cache/prod/classes.php line 1964 {"exception":"[object] (Symfony\\Component\\HttpKernel\\Exception\\NotFoundHttpException: No route found for \"GET /\" (from \"http://www.unclejeans.com/bonnes-affaires/femme.html?utm_source=BBO-Orange&utm_medium=display&utm_campaign=BAF-femme\") at /Applications/MAMP/htdocs/sf/app/cache/prod/classes.php:1964, Symfony\\Component\\Routing\\Exception\\ResourceNotFoundException:  at /Applications/MAMP/htdocs/sf/app/cache/prod/appProdUrlMatcher.php:32)"} []
[2014-02-25 04:03:47] request.ERROR: Uncaught PHP Exception Symfony\Component\HttpKernel\Exception\NotFoundHttpException: "No route found for "GET /" (from "http://www.unclejeans.com/bonnes-affaires/femme/promos-femme/jeans.html")" at /Applications/MAMP/htdocs/sf/app/cache/prod/classes.php line 1964 {"exception":"[object] (Symfony\\Component\\HttpKernel\\Exception\\NotFoundHttpException: No route found for \"GET /\" (from \"http://www.unclejeans.com/bonnes-affaires/femme/promos-femme/jeans.html\") at /Applications/MAMP/htdocs/sf/app/cache/prod/classes.php:1964, Symfony\\Component\\Routing\\Exception\\ResourceNotFoundException:  at /Applications/MAMP/htdocs/sf/app/cache/prod/appProdUrlMatcher.php:32)"} []
[2014-03-10 22:52:12] request.ERROR: Uncaught PHP Exception Symfony\Component\HttpKernel\Exception\NotFoundHttpException: "No route found for "GET /"" at /Applications/MAMP/htdocs/sf/app/cache/prod/classes.php line 1964 {"exception":"[object] (Symfony\\Component\\HttpKernel\\Exception\\NotFoundHttpException: No route found for \"GET /\" at /Applications/MAMP/htdocs/sf/app/cache/prod/classes.php:1964, Symfony\\Component\\Routing\\Exception\\ResourceNotFoundException:  at /Applications/MAMP/htdocs/sf/app/cache/prod/appProdUrlMatcher.php:32)"} []
[2014-03-10 22:52:35] request.ERROR: Uncaught PHP Exception Symfony\Component\HttpKernel\Exception\NotFoundHttpException: "No route found for "GET /"" at /Applications/MAMP/htdocs/sf/app/cache/prod/classes.php line 1964 {"exception":"[object] (Symfony\\Component\\HttpKernel\\Exception\\NotFoundHttpException: No route found for \"GET /\" at /Applications/MAMP/htdocs/sf/app/cache/prod/classes.php:1964, Symfony\\Component\\Routing\\Exception\\ResourceNotFoundException:  at /Applications/MAMP/htdocs/sf/app/cache/prod/appProdUrlMatcher.php:32)"} []
[2014-03-10 22:52:35] request.ERROR: Uncaught PHP Exception Symfony\Component\HttpKernel\Exception\NotFoundHttpException: "No route found for "GET /"" at /Applications/MAMP/htdocs/sf/app/cache/prod/classes.php line 1964 {"exception":"[object] (Symfony\\Component\\HttpKernel\\Exception\\NotFoundHttpException: No route found for \"GET /\" at /Applications/MAMP/htdocs/sf/app/cache/prod/classes.php:1964, Symfony\\Component\\Routing\\Exception\\ResourceNotFoundException:  at /Applications/MAMP/htdocs/sf/app/cache/prod/appProdUrlMatcher.php:32)"} []
[2014-05-24 08:09:18] request.ERROR: Uncaught PHP Exception Symfony\Component\HttpKernel\Exception\NotFoundHttpException: "No route found for "GET /"" at /Applications/MAMP/htdocs/sf/app/cache/prod/classes.php line 1964 {"exception":"[object] (Symfony\\Component\\HttpKernel\\Exception\\NotFoundHttpException: No route found for \"GET /\" at /Applications/MAMP/htdocs/sf/app/cache/prod/classes.php:1964, Symfony\\Component\\Routing\\Exception\\ResourceNotFoundException:  at /Applications/MAMP/htdocs/sf/app/cache/prod/appProdUrlMatcher.php:32)"} []
[2014-05-24 08:12:05] request.ERROR: Uncaught PHP Exception Symfony\Component\HttpKernel\Exception\NotFoundHttpException: "No route found for "GET /"" at /Applications/MAMP/htdocs/sf/app/cache/prod/classes.php line 1964 {"exception":"[object] (Symfony\\Component\\HttpKernel\\Exception\\NotFoundHttpException: No route found for \"GET /\" at /Applications/MAMP/htdocs/sf/app/cache/prod/classes.php:1964, Symfony\\Component\\Routing\\Exception\\ResourceNotFoundException:  at /Applications/MAMP/htdocs/sf/app/cache/prod/appProdUrlMatcher.php:32)"} []
[2014-06-18 06:35:07] request.ERROR: Uncaught PHP Exception Symfony\Component\HttpKernel\Exception\NotFoundHttpException: "No route found for "GET /"" at /Applications/MAMP/htdocs/sf/app/cache/prod/classes.php line 1964 {"exception":"[object] (Symfony\\Component\\HttpKernel\\Exception\\NotFoundHttpException: No route found for \"GET /\" at /Applications/MAMP/htdocs/sf/app/cache/prod/classes.php:1964, Symfony\\Component\\Routing\\Exception\\ResourceNotFoundException:  at /Applications/MAMP/htdocs/sf/app/cache/prod/appProdUrlMatcher.php:32)"} []
[2014-06-18 06:35:40] request.ERROR: Uncaught PHP Exception Symfony\Component\HttpKernel\Exception\NotFoundHttpException: "No route found for "GET /"" at /Applications/MAMP/htdocs/sf/app/cache/prod/classes.php line 1964 {"exception":"[object] (Symfony\\Component\\HttpKernel\\Exception\\NotFoundHttpException: No route found for \"GET /\" at /Applications/MAMP/htdocs/sf/app/cache/prod/classes.php:1964, Symfony\\Component\\Routing\\Exception\\ResourceNotFoundException:  at /Applications/MAMP/htdocs/sf/app/cache/prod/appProdUrlMatcher.php:32)"} []
[2014-06-18 06:35:44] request.ERROR: Uncaught PHP Exception Symfony\Component\HttpKernel\Exception\NotFoundHttpException: "No route found for "GET /"" at /Applications/MAMP/htdocs/sf/app/cache/prod/classes.php line 1964 {"exception":"[object] (Symfony\\Component\\HttpKernel\\Exception\\NotFoundHttpException: No route found for \"GET /\" at /Applications/MAMP/htdocs/sf/app/cache/prod/classes.php:1964, Symfony\\Component\\Routing\\Exception\\ResourceNotFoundException:  at /Applications/MAMP/htdocs/sf/app/cache/prod/appProdUrlMatcher.php:32)"} []
[2014-06-18 06:35:45] request.ERROR: Uncaught PHP Exception Symfony\Component\HttpKernel\Exception\NotFoundHttpException: "No route found for "GET /"" at /Applications/MAMP/htdocs/sf/app/cache/prod/classes.php line 1964 {"exception":"[object] (Symfony\\Component\\HttpKernel\\Exception\\NotFoundHttpException: No route found for \"GET /\" at /Applications/MAMP/htdocs/sf/app/cache/prod/classes.php:1964, Symfony\\Component\\Routing\\Exception\\ResourceNotFoundException:  at /Applications/MAMP/htdocs/sf/app/cache/prod/appProdUrlMatcher.php:32)"} []
[2014-06-18 06:45:28] request.ERROR: Uncaught PHP Exception Symfony\Component\HttpKernel\Exception\NotFoundHttpException: "No route found for "GET /index.php"" at /Applications/MAMP/htdocs/sf/app/cache/prod/classes.php line 1964 {"exception":"[object] (Symfony\\Component\\HttpKernel\\Exception\\NotFoundHttpException: No route found for \"GET /index.php\" at /Applications/MAMP/htdocs/sf/app/cache/prod/classes.php:1964, Symfony\\Component\\Routing\\Exception\\ResourceNotFoundException:  at /Applications/MAMP/htdocs/sf/app/cache/prod/appProdUrlMatcher.php:32)"} []
[2014-06-28 08:50:17] request.ERROR: Uncaught PHP Exception Symfony\Component\HttpKernel\Exception\NotFoundHttpException: "No route found for "GET /"" at /Applications/MAMP/htdocs/sf/app/cache/prod/classes.php line 1964 {"exception":"[object] (Symfony\\Component\\HttpKernel\\Exception\\NotFoundHttpException: No route found for \"GET /\" at /Applications/MAMP/htdocs/sf/app/cache/prod/classes.php:1964, Symfony\\Component\\Routing\\Exception\\ResourceNotFoundException:  at /Applications/MAMP/htdocs/sf/app/cache/prod/appProdUrlMatcher.php:32)"} []
[2014-06-28 08:50:42] request.ERROR: Uncaught PHP Exception Symfony\Component\HttpKernel\Exception\NotFoundHttpException: "No route found for "GET /app_dev/php"" at /Applications/MAMP/htdocs/sf/app/cache/prod/classes.php line 1964 {"exception":"[object] (Symfony\\Component\\HttpKernel\\Exception\\NotFoundHttpException: No route found for \"GET /app_dev/php\" at /Applications/MAMP/htdocs/sf/app/cache/prod/classes.php:1964, Symfony\\Component\\Routing\\Exception\\ResourceNotFoundException:  at /Applications/MAMP/htdocs/sf/app/cache/prod/appProdUrlMatcher.php:32)"} []
[2014-06-28 08:50:50] request.ERROR: Uncaught PHP Exception Symfony\Component\HttpKernel\Exception\NotFoundHttpException: "No route found for "GET /web/app_dev/php"" at /Applications/MAMP/htdocs/sf/app/cache/prod/classes.php line 1964 {"exception":"[object] (Symfony\\Component\\HttpKernel\\Exception\\NotFoundHttpException: No route found for \"GET /web/app_dev/php\" at /Applications/MAMP/htdocs/sf/app/cache/prod/classes.php:1964, Symfony\\Component\\Routing\\Exception\\ResourceNotFoundException:  at /Applications/MAMP/htdocs/sf/app/cache/prod/appProdUrlMatcher.php:32)"} []
[2014-06-28 08:50:57] request.ERROR: Uncaught PHP Exception Symfony\Component\HttpKernel\Exception\NotFoundHttpException: "No route found for "GET /"" at /Applications/MAMP/htdocs/sf/app/cache/prod/classes.php line 1964 {"exception":"[object] (Symfony\\Component\\HttpKernel\\Exception\\NotFoundHttpException: No route found for \"GET /\" at /Applications/MAMP/htdocs/sf/app/cache/prod/classes.php:1964, Symfony\\Component\\Routing\\Exception\\ResourceNotFoundException:  at /Applications/MAMP/htdocs/sf/app/cache/prod/appProdUrlMatcher.php:32)"} []
[2014-06-29 16:03:22] request.ERROR: Uncaught PHP Exception Symfony\Component\HttpKernel\Exception\NotFoundHttpException: "No route found for "GET /"" at /Applications/MAMP/htdocs/sf/app/cache/prod/classes.php line 1964 {"exception":"[object] (Symfony\\Component\\HttpKernel\\Exception\\NotFoundHttpException: No route found for \"GET /\" at /Applications/MAMP/htdocs/sf/app/cache/prod/classes.php:1964, Symfony\\Component\\Routing\\Exception\\ResourceNotFoundException:  at /Applications/MAMP/htdocs/sf/app/cache/prod/appProdUrlMatcher.php:32)"} []
[2014-06-29 16:03:44] request.ERROR: Uncaught PHP Exception Symfony\Component\HttpKernel\Exception\NotFoundHttpException: "No route found for "GET /"" at /Applications/MAMP/htdocs/sf/app/cache/prod/classes.php line 1964 {"exception":"[object] (Symfony\\Component\\HttpKernel\\Exception\\NotFoundHttpException: No route found for \"GET /\" at /Applications/MAMP/htdocs/sf/app/cache/prod/classes.php:1964, Symfony\\Component\\Routing\\Exception\\ResourceNotFoundException:  at /Applications/MAMP/htdocs/sf/app/cache/prod/appProdUrlMatcher.php:32)"} []
[2014-06-29 16:08:21] request.ERROR: Uncaught PHP Exception Symfony\Component\HttpKernel\Exception\NotFoundHttpException: "No route found for "GET /"" at /Applications/MAMP/htdocs/sf/app/cache/prod/classes.php line 1964 {"exception":"[object] (Symfony\\Component\\HttpKernel\\Exception\\NotFoundHttpException: No route found for \"GET /\" at /Applications/MAMP/htdocs/sf/app/cache/prod/classes.php:1964, Symfony\\Component\\Routing\\Exception\\ResourceNotFoundException:  at /Applications/MAMP/htdocs/sf/app/cache/prod/appProdUrlMatcher.php:32)"} []
[2014-07-04 07:59:56] request.ERROR: Uncaught PHP Exception Symfony\Component\HttpKernel\Exception\NotFoundHttpException: "No route found for "GET /" (from "http://sf.local/sf/")" at /Applications/MAMP/htdocs/sf/app/cache/prod/classes.php line 1964 {"exception":"[object] (Symfony\\Component\\HttpKernel\\Exception\\NotFoundHttpException: No route found for \"GET /\" (from \"http://sf.local/sf/\") at /Applications/MAMP/htdocs/sf/app/cache/prod/classes.php:1964, Symfony\\Component\\Routing\\Exception\\ResourceNotFoundException:  at /Applications/MAMP/htdocs/sf/app/cache/prod/appProdUrlMatcher.php:32)"} []
[2014-07-04 08:01:49] request.ERROR: Uncaught PHP Exception Symfony\Component\HttpKernel\Exception\NotFoundHttpException: "No route found for "GET /sf/web/app_dev.php"" at /Applications/MAMP/htdocs/sf/app/cache/prod/classes.php line 1964 {"exception":"[object] (Symfony\\Component\\HttpKernel\\Exception\\NotFoundHttpException: No route found for \"GET /sf/web/app_dev.php\" at /Applications/MAMP/htdocs/sf/app/cache/prod/classes.php:1964, Symfony\\Component\\Routing\\Exception\\ResourceNotFoundException:  at /Applications/MAMP/htdocs/sf/app/cache/prod/appProdUrlMatcher.php:32)"} []
[2014-07-04 08:01:59] request.ERROR: Uncaught PHP Exception Symfony\Component\HttpKernel\Exception\NotFoundHttpException: "No route found for "GET /"" at /Applications/MAMP/htdocs/sf/app/cache/prod/classes.php line 1964 {"exception":"[object] (Symfony\\Component\\HttpKernel\\Exception\\NotFoundHttpException: No route found for \"GET /\" at /Applications/MAMP/htdocs/sf/app/cache/prod/classes.php:1964, Symfony\\Component\\Routing\\Exception\\ResourceNotFoundException:  at /Applications/MAMP/htdocs/sf/app/cache/prod/appProdUrlMatcher.php:32)"} []
[2014-07-04 08:02:14] request.ERROR: Uncaught PHP Exception Symfony\Component\HttpKernel\Exception\NotFoundHttpException: "No route found for "GET /"" at /Applications/MAMP/htdocs/sf/app/cache/prod/classes.php line 1964 {"exception":"[object] (Symfony\\Component\\HttpKernel\\Exception\\NotFoundHttpException: No route found for \"GET /\" at /Applications/MAMP/htdocs/sf/app/cache/prod/classes.php:1964, Symfony\\Component\\Routing\\Exception\\ResourceNotFoundException:  at /Applications/MAMP/htdocs/sf/app/cache/prod/appProdUrlMatcher.php:32)"} []
[2014-07-05 09:12:31] request.ERROR: Uncaught PHP Exception Symfony\Component\HttpKernel\Exception\NotFoundHttpException: "No route found for "GET /"" at /Applications/MAMP/htdocs/sf/app/cache/prod/classes.php line 1964 {"exception":"[object] (Symfony\\Component\\HttpKernel\\Exception\\NotFoundHttpException: No route found for \"GET /\" at /Applications/MAMP/htdocs/sf/app/cache/prod/classes.php:1964, Symfony\\Component\\Routing\\Exception\\ResourceNotFoundException:  at /Applications/MAMP/htdocs/sf/app/cache/prod/appProdUrlMatcher.php:32)"} []
[2014-07-05 09:12:56] request.ERROR: Uncaught PHP Exception Symfony\Component\HttpKernel\Exception\NotFoundHttpException: "No route found for "GET /monlabo/"" at /Applications/MAMP/htdocs/sf/app/cache/prod/classes.php line 1964 {"exception":"[object] (Symfony\\Component\\HttpKernel\\Exception\\NotFoundHttpException: No route found for \"GET /monlabo/\" at /Applications/MAMP/htdocs/sf/app/cache/prod/classes.php:1964, Symfony\\Component\\Routing\\Exception\\ResourceNotFoundException:  at /Applications/MAMP/htdocs/sf/app/cache/prod/appProdUrlMatcher.php:32)"} []
[2014-07-20 03:38:57] request.ERROR: Uncaught PHP Exception Symfony\Component\HttpKernel\Exception\NotFoundHttpException: "No route found for "GET /" (from "http://sf.local:8888/")" at /Applications/MAMP/htdocs/sf/app/cache/prod/classes.php line 1964 {"exception":"[object] (Symfony\\Component\\HttpKernel\\Exception\\NotFoundHttpException: No route found for \"GET /\" (from \"http://sf.local:8888/\") at /Applications/MAMP/htdocs/sf/app/cache/prod/classes.php:1964, Symfony\\Component\\Routing\\Exception\\ResourceNotFoundException:  at /Applications/MAMP/htdocs/sf/app/cache/prod/appProdUrlMatcher.php:32)"} []
[2014-07-20 03:51:42] request.ERROR: Uncaught PHP Exception Symfony\Component\HttpKernel\Exception\NotFoundHttpException: "No route found for "GET /"" at /Applications/MAMP/htdocs/sf/app/cache/prod/classes.php line 1964 {"exception":"[object] (Symfony\\Component\\HttpKernel\\Exception\\NotFoundHttpException: No route found for \"GET /\" at /Applications/MAMP/htdocs/sf/app/cache/prod/classes.php:1964, Symfony\\Component\\Routing\\Exception\\ResourceNotFoundException:  at /Applications/MAMP/htdocs/sf/app/cache/prod/appProdUrlMatcher.php:32)"} []
[2014-07-23 02:43:42] request.ERROR: Uncaught PHP Exception Symfony\Component\HttpKernel\Exception\NotFoundHttpException: "No route found for "GET /" (from "http://sf.local:8888/sf/")" at /Applications/MAMP/htdocs/sf/app/cache/prod/classes.php line 1964 {"exception":"[object] (Symfony\\Component\\HttpKernel\\Exception\\NotFoundHttpException: No route found for \"GET /\" (from \"http://sf.local:8888/sf/\") at /Applications/MAMP/htdocs/sf/app/cache/prod/classes.php:1964, Symfony\\Component\\Routing\\Exception\\ResourceNotFoundException:  at /Applications/MAMP/htdocs/sf/app/cache/prod/appProdUrlMatcher.php:32)"} []
[2014-07-23 02:46:08] request.ERROR: Uncaught PHP Exception Symfony\Component\HttpKernel\Exception\NotFoundHttpException: "No route found for "GET /" (from "http://sf.local:8888/sf/")" at /Applications/MAMP/htdocs/sf/app/cache/prod/classes.php line 1964 {"exception":"[object] (Symfony\\Component\\HttpKernel\\Exception\\NotFoundHttpException: No route found for \"GET /\" (from \"http://sf.local:8888/sf/\") at /Applications/MAMP/htdocs/sf/app/cache/prod/classes.php:1964, Symfony\\Component\\Routing\\Exception\\ResourceNotFoundException:  at /Applications/MAMP/htdocs/sf/app/cache/prod/appProdUrlMatcher.php:32)"} []
